<?xml version="1.0" encoding="UTF-8"?>
<!-- Generated by org.testng.reporters.JUnitReportReporter -->
<testsuite skipped="0" hostname="Jessicas-MacBook-Pro.local" name="eSing_Java_TestNG_package.eSing_Java_TestNG_File2" tests="2" failures="0" timestamp="18 Feb 2019 12:50:14 GMT" time="7.090" errors="0">
  <testcase name="register" time="3.168" classname="eSing_Java_TestNG_package.eSing_Java_TestNG_File2"/>
  <testcase name="support" time="3.922" classname="eSing_Java_TestNG_package.eSing_Java_TestNG_File2"/>
</testsuite> <!-- eSing_Java_TestNG_package.eSing_Java_TestNG_File2 -->
